--------------------------------------------------------------------------------
Release 14.7 Trace  (lin64)
Copyright (c) 1995-2013 Xilinx, Inc.  All rights reserved.

/opt/Xilinx/14.7/ISE_DS/ISE/bin/lin64/unwrapped/trce -intstyle ise -v 3 -s 2 -n
3 -fastpaths -xml Core.twx Core.ncd -o Core.twr Core.pcf -ucf Core.ucf

Design file:              Core.ncd
Physical constraint file: Core.pcf
Device,package,speed:     xc6slx16,csg324,C,-2 (PRODUCTION 1.23 2013-10-13)
Report level:             verbose report

Environment Variable      Effect 
--------------------      ------ 
NONE                      No environment variables were set
--------------------------------------------------------------------------------

INFO:Timing:2698 - No timing constraints found, doing default enumeration.
INFO:Timing:3412 - To improve timing, see the Timing Closure User Guide (UG612).
INFO:Timing:2752 - To get complete path coverage, use the unconstrained paths 
   option. All paths that are not constrained will be reported in the 
   unconstrained paths section(s) of the report.
INFO:Timing:3339 - The clock-to-out numbers in this timing report are based on 
   a 50 Ohm transmission line loading model.  For the details of this model, 
   and for more information on accounting for different loading conditions, 
   please see the device datasheet.



Data Sheet report:
-----------------
All values displayed in nanoseconds (ns)

Setup/Hold to clock CLK10I
------------+------------+------------+------------+------------+------------------+--------+
            |Max Setup to|  Process   |Max Hold to |  Process   |                  | Clock  |
Source      | clk (edge) |   Corner   | clk (edge) |   Corner   |Internal Clock(s) | Phase  |
------------+------------+------------+------------+------------+------------------+--------+
RDATAI<0>   |    4.006(R)|      SLOW  |    0.154(R)|      SLOW  |CLK10I_BUFGP      |   0.000|
RDATAI<1>   |    3.926(R)|      SLOW  |    0.176(R)|      SLOW  |CLK10I_BUFGP      |   0.000|
RDATAI<2>   |    4.134(R)|      SLOW  |    0.049(R)|      SLOW  |CLK10I_BUFGP      |   0.000|
RDATAI<3>   |    3.826(R)|      SLOW  |    0.178(R)|      SLOW  |CLK10I_BUFGP      |   0.000|
RDATAI<4>   |    3.820(R)|      SLOW  |   -0.354(R)|      SLOW  |CLK10I_BUFGP      |   0.000|
RDATAI<5>   |    4.071(R)|      SLOW  |   -0.345(R)|      SLOW  |CLK10I_BUFGP      |   0.000|
RDATAI<6>   |    3.925(R)|      SLOW  |   -0.284(R)|      SLOW  |CLK10I_BUFGP      |   0.000|
RDATAI<7>   |    3.931(R)|      SLOW  |   -0.372(R)|      SLOW  |CLK10I_BUFGP      |   0.000|
RENABP      |    3.355(R)|      SLOW  |    0.316(R)|      SLOW  |CLK10I_BUFGP      |   0.000|
TABORTP     |    3.767(R)|      SLOW  |   -0.695(R)|      FAST  |CLK10I_BUFGP      |   0.000|
TAVAILP     |    2.926(R)|      SLOW  |   -0.477(R)|      SLOW  |CLK10I_BUFGP      |   0.000|
TDATAI<0>   |    1.634(R)|      SLOW  |   -0.377(R)|      SLOW  |CLK10I_BUFGP      |   0.000|
TDATAI<1>   |    2.029(R)|      SLOW  |   -0.665(R)|      FAST  |CLK10I_BUFGP      |   0.000|
TDATAI<2>   |    1.881(R)|      SLOW  |   -0.691(R)|      FAST  |CLK10I_BUFGP      |   0.000|
TDATAI<3>   |    1.471(R)|      SLOW  |   -0.317(R)|      SLOW  |CLK10I_BUFGP      |   0.000|
TDATAI<4>   |    1.354(R)|      SLOW  |   -0.106(R)|      SLOW  |CLK10I_BUFGP      |   0.000|
TDATAI<5>   |    2.217(R)|      SLOW  |   -0.787(R)|      FAST  |CLK10I_BUFGP      |   0.000|
TDATAI<6>   |    1.743(R)|      SLOW  |   -0.610(R)|      FAST  |CLK10I_BUFGP      |   0.000|
TDATAI<7>   |    0.973(R)|      SLOW  |    0.176(R)|      SLOW  |CLK10I_BUFGP      |   0.000|
TLASTP      |    4.148(R)|      SLOW  |   -0.574(R)|      SLOW  |CLK10I_BUFGP      |   0.000|
------------+------------+------------+------------+------------+------------------+--------+

Clock CLK10I to Pad
------------+-----------------+------------+-----------------+------------+------------------+--------+
            |Max (slowest) clk|  Process   |Min (fastest) clk|  Process   |                  | Clock  |
Destination |  (edge) to PAD  |   Corner   |  (edge) to PAD  |   Corner   |Internal Clock(s) | Phase  |
------------+-----------------+------------+-----------------+------------+------------------+--------+
CLKDIV8_UP  |         8.527(R)|      SLOW  |         3.481(R)|      FAST  |CLK10I_BUFGP      |   0.000|
RBYTEP      |         8.624(R)|      SLOW  |         3.476(R)|      FAST  |CLK10I_BUFGP      |   0.000|
RCLEANP     |         9.036(R)|      SLOW  |         3.723(R)|      FAST  |CLK10I_BUFGP      |   0.000|
RCVNGP      |         8.907(R)|      SLOW  |         3.670(R)|      FAST  |CLK10I_BUFGP      |   0.000|
RDATAO<0>   |         8.594(R)|      SLOW  |         3.485(R)|      FAST  |CLK10I_BUFGP      |   0.000|
RDATAO<1>   |         9.032(R)|      SLOW  |         3.776(R)|      FAST  |CLK10I_BUFGP      |   0.000|
RDATAO<2>   |         9.032(R)|      SLOW  |         3.776(R)|      FAST  |CLK10I_BUFGP      |   0.000|
RDATAO<3>   |         8.994(R)|      SLOW  |         3.777(R)|      FAST  |CLK10I_BUFGP      |   0.000|
RDATAO<4>   |         8.424(R)|      SLOW  |         3.395(R)|      FAST  |CLK10I_BUFGP      |   0.000|
RDATAO<5>   |         8.761(R)|      SLOW  |         3.550(R)|      FAST  |CLK10I_BUFGP      |   0.000|
RDATAO<6>   |         8.681(R)|      SLOW  |         3.561(R)|      FAST  |CLK10I_BUFGP      |   0.000|
RDATAO<7>   |         8.476(R)|      SLOW  |         3.432(R)|      FAST  |CLK10I_BUFGP      |   0.000|
RDONEP      |         8.393(R)|      SLOW  |         3.364(R)|      FAST  |CLK10I_BUFGP      |   0.000|
RSMATIP     |         8.836(R)|      SLOW  |         3.598(R)|      FAST  |CLK10I_BUFGP      |   0.000|
TDATAO<0>   |         8.489(R)|      SLOW  |         3.379(R)|      FAST  |CLK10I_BUFGP      |   0.000|
TDATAO<1>   |         8.788(R)|      SLOW  |         3.550(R)|      FAST  |CLK10I_BUFGP      |   0.000|
TDATAO<2>   |         8.299(R)|      SLOW  |         3.270(R)|      FAST  |CLK10I_BUFGP      |   0.000|
TDATAO<3>   |         9.100(R)|      SLOW  |         3.691(R)|      FAST  |CLK10I_BUFGP      |   0.000|
TDATAO<4>   |         8.808(R)|      SLOW  |         3.548(R)|      FAST  |CLK10I_BUFGP      |   0.000|
TDATAO<5>   |         9.200(R)|      SLOW  |         3.753(R)|      FAST  |CLK10I_BUFGP      |   0.000|
TDATAO<6>   |         8.944(R)|      SLOW  |         3.603(R)|      FAST  |CLK10I_BUFGP      |   0.000|
TDATAO<7>   |         9.392(R)|      SLOW  |         3.852(R)|      FAST  |CLK10I_BUFGP      |   0.000|
TDONEP      |         8.921(R)|      SLOW  |         3.678(R)|      FAST  |CLK10I_BUFGP      |   0.000|
TREADDP     |         8.528(R)|      SLOW  |         3.457(R)|      FAST  |CLK10I_BUFGP      |   0.000|
TRNSMTP     |         8.777(R)|      SLOW  |         3.564(R)|      FAST  |CLK10I_BUFGP      |   0.000|
TSOCOLP     |         8.733(R)|      SLOW  |         3.586(R)|      FAST  |CLK10I_BUFGP      |   0.000|
TSTARTP     |         8.797(R)|      SLOW  |         3.586(R)|      FAST  |CLK10I_BUFGP      |   0.000|
------------+-----------------+------------+-----------------+------------+------------------+--------+

Clock to Setup on destination clock CLK10I
---------------+---------+---------+---------+---------+
               | Src:Rise| Src:Fall| Src:Rise| Src:Fall|
Source Clock   |Dest:Rise|Dest:Rise|Dest:Fall|Dest:Fall|
---------------+---------+---------+---------+---------+
CLK10I         |    4.012|         |         |         |
---------------+---------+---------+---------+---------+


Analysis completed Wed Nov 30 19:59:51 2016 
--------------------------------------------------------------------------------

Trace Settings:
-------------------------
Trace Settings 

Peak Memory Usage: 390 MB



